<?xml version="1.0" encoding="UTF-8"?>
<!-- Generated by org.testng.reporters.JUnitReportReporter -->
<testsuite skipped="0" hostname="DataScienceCenter" name="com.class01.TestNGDemo" tests="3" failures="0" timestamp="2020-01-14T00:23:32 EST" time="0.011" errors="0">
  <testcase name="testThree" time="0.003" classname="com.class01.TestNGDemo"/>
  <testcase name="testOne" time="0.004" classname="com.class01.TestNGDemo"/>
  <testcase name="testTwo" time="0.004" classname="com.class01.TestNGDemo"/>
</testsuite> <!-- com.class01.TestNGDemo -->
