<?xml version="1.0" encoding="UTF-8"?>
<!-- Generated by org.testng.reporters.JUnitReportReporter -->
<testsuite skipped="0" hostname="DataScienceCenter" name="com.class03.HW" tests="5" failures="0" timestamp="2020-01-16T17:00:34 EST" time="111.431" errors="0">
  <testcase name="addEmployee" time="24.834" classname="com.class03.HW"/>
  <testcase name="addEmployee" time="23.392" classname="com.class03.HW"/>
  <testcase name="addEmployee" time="22.573" classname="com.class03.HW"/>
  <testcase name="addEmployee" time="19.269" classname="com.class03.HW"/>
  <testcase name="addEmployee" time="21.363" classname="com.class03.HW"/>
</testsuite> <!-- com.class03.HW -->
