<?xml version="1.0" encoding="UTF-8"?>
<!-- Generated by org.testng.reporters.JUnitReportReporter -->
<testsuite skipped="0" hostname="DataScienceCenter" name="com.class01.Task2" tests="2" failures="0" timestamp="2020-01-11T21:22:34 EST" time="0.008" errors="0">
  <testcase name="test2" time="0.002" classname="com.class01.Task2"/>
  <testcase name="test1" time="0.006" classname="com.class01.Task2"/>
</testsuite> <!-- com.class01.Task2 -->
