<?xml version="1.0" encoding="UTF-8"?>
<!-- Generated by org.testng.reporters.JUnitReportReporter -->
<testsuite skipped="0" hostname="DataScienceCenter" name="com.class01.TitleLogoAndLoginVerification" tests="3" failures="0" timestamp="2020-01-14T00:23:32 EST" time="35.690" errors="0">
  <testcase name="titleValidation" time="10.851" classname="com.class01.TitleLogoAndLoginVerification"/>
  <testcase name="loginValidation" time="13.838" classname="com.class01.TitleLogoAndLoginVerification"/>
  <testcase name="logoValidation" time="11.001" classname="com.class01.TitleLogoAndLoginVerification"/>
</testsuite> <!-- com.class01.TitleLogoAndLoginVerification -->
