<?xml version="1.0" encoding="UTF-8"?>
<!-- Generated by org.testng.reporters.JUnitReportReporter -->
<testsuite skipped="0" hostname="DataScienceCenter" name="com.class02.TestNGGroupsDemo" tests="4" failures="0" timestamp="2020-01-14T14:41:44 EST" time="0.013" errors="0">
  <testcase name="test4" time="0.001" classname="com.class02.TestNGGroupsDemo"/>
  <testcase name="test3" time="0.000" classname="com.class02.TestNGGroupsDemo"/>
  <testcase name="test1" time="0.010" classname="com.class02.TestNGGroupsDemo"/>
  <testcase name="test2" time="0.002" classname="com.class02.TestNGGroupsDemo"/>
</testsuite> <!-- com.class02.TestNGGroupsDemo -->
